<?xml version="1.0" encoding="UTF-8"?>
<!-- Generated by org.testng.reporters.JUnitReportReporter -->
<testsuite hostname="DESKTOP-LSBCFFJ" failures="0" tests="6" name="oto.LeadTest" time="123.869" errors="0" timestamp="2021-08-21T22:26:24 IST" skipped="0">
  <testcase classname="oto.LeadTest" name="verifyLeadClick" time="6.405"/>
  <system-out/>
  <testcase classname="oto.LeadTest" name="verifyClickAddLead" time="5.276"/>
  <system-out/>
  <testcase classname="oto.LeadTest" name="verifyFillLead" time="80.411"/>
  <system-out/>
  <testcase classname="oto.LeadTest" name="verifyLeadFinder" time="13.012"/>
  <system-out/>
  <testcase classname="oto.LeadTest" name="verifyLeadFilter" time="10.385"/>
  <system-out/>
  <testcase classname="oto.LeadTest" name="verifyLeadSorting" time="8.380"/>
  <system-out/>
</testsuite> <!-- oto.LeadTest -->
