<?xml version="1.0" encoding="UTF-8"?>
<!-- Generated by org.testng.reporters.JUnitReportReporter -->
<testsuite hostname="DESKTOP-LSBCFFJ" failures="0" tests="3" name="oto.newtest" time="99.161" errors="0" timestamp="2021-07-30T20:41:49 IST" skipped="0">
  <testcase classname="oto.newtest" name="verifyFirstStockClick" time="5.741"/>
  <system-out/>
  <testcase classname="oto.newtest" name="verifyDSFClick" time="6.224"/>
  <system-out/>
  <testcase classname="oto.newtest" name="addDSFForm" time="87.196"/>
  <system-out/>
</testsuite> <!-- oto.newtest -->
