<?xml version="1.0" encoding="UTF-8"?>
<!-- Generated by org.testng.reporters.JUnitReportReporter -->
<testsuite hostname="DESKTOP-LSBCFFJ" failures="0" tests="2" name="oto.DashboardTest" time="15.016" errors="0" timestamp="2021-09-24T13:15:25 IST" skipped="0">
  <testcase classname="oto.DashboardTest" name="verifyLoanClick" time="9.759"/>
  <system-out/>
  <testcase classname="oto.DashboardTest" name="verifySubmitApplicationclick" time="5.257"/>
  <system-out/>
</testsuite> <!-- oto.DashboardTest -->
