<?xml version="1.0" encoding="UTF-8"?>
<!-- Generated by org.testng.reporters.JUnitReportReporter -->
<testsuite hostname="DESKTOP-LSBCFFJ" failures="0" tests="5" name="oto.AdiraTest" time="252.253" errors="0" timestamp="2021-08-16T17:09:13 IST" skipped="0">
  <testcase classname="oto.AdiraTest" name="verifyFirstStockClick" time="6.138"/>
  <system-out/>
  <testcase classname="oto.AdiraTest" name="verifyAdiraClick" time="5.354"/>
  <system-out/>
  <testcase classname="oto.AdiraTest" name="addAdiraFormBasicDetails" time="143.522"/>
  <system-out/>
  <testcase classname="oto.AdiraTest" name="addDSFPaymentDetails" time="23.650"/>
  <system-out/>
  <testcase classname="oto.AdiraTest" name="addDSFCustDetails" time="73.589"/>
  <system-out/>
</testsuite> <!-- oto.AdiraTest -->
