<?xml version="1.0" encoding="UTF-8"?>
<!-- Generated by org.testng.reporters.JUnitReportReporter -->
<testsuite hostname="DESKTOP-LSBCFFJ" failures="0" tests="2" name="oto.LoginTests" time="18.758" errors="0" timestamp="2021-07-27T20:59:12 IST" skipped="0">
  <testcase classname="oto.LoginTests" name="clickLoginWithEmail" time="0.506"/>
  <system-out/>
  <testcase classname="oto.LoginTests" name="verifyLogin" time="18.252"/>
  <system-out/>
</testsuite> <!-- oto.LoginTests -->
