<?xml version="1.0" encoding="UTF-8"?>
<!-- Generated by org.testng.reporters.JUnitReportReporter -->
<testsuite hostname="DESKTOP-LSBCFFJ" failures="0" tests="5" name="oto.MUFTest" time="246.728" errors="0" timestamp="2021-08-05T13:25:37 IST" skipped="0">
  <testcase classname="oto.MUFTest" name="verifyFirstStockClick" time="5.348"/>
  <system-out/>
  <testcase classname="oto.MUFTest" name="verifyMUFClick" time="5.376"/>
  <system-out/>
  <testcase classname="oto.MUFTest" name="addDSFFormBasicDetails" time="126.712"/>
  <system-out/>
  <testcase classname="oto.MUFTest" name="addDSFPaymentDetails" time="23.011"/>
  <system-out/>
  <testcase classname="oto.MUFTest" name="addDSFCustDetails" time="86.281"/>
  <system-out/>
</testsuite> <!-- oto.MUFTest -->
