<?xml version="1.0" encoding="UTF-8"?>
<!-- Generated by org.testng.reporters.JUnitReportReporter -->
<testsuite hostname="DESKTOP-LSBCFFJ" failures="0" tests="5" name="oto.DSFTest" time="213.817" errors="0" timestamp="2021-08-01T22:23:14 IST" skipped="0">
  <testcase classname="oto.DSFTest" name="verifyFirstStockClick" time="5.328"/>
  <system-out/>
  <testcase classname="oto.DSFTest" name="verifyDSFClick" time="5.635"/>
  <system-out/>
  <testcase classname="oto.DSFTest" name="addDSFFormBasicDetails" time="106.053"/>
  <system-out/>
  <testcase classname="oto.DSFTest" name="addDSFPaymentDetails" time="23.397"/>
  <system-out/>
  <testcase classname="oto.DSFTest" name="addDSFCustDetails" time="73.404"/>
  <system-out/>
</testsuite> <!-- oto.DSFTest -->
