<?xml version="1.0" encoding="UTF-8"?>
<!-- Generated by org.testng.reporters.JUnitReportReporter -->
<testsuite hostname="DESKTOP-LSBCFFJ" failures="0" tests="1" name="oto.DashboardTestStock" time="10.311" errors="0" timestamp="2021-08-14T19:52:22 IST" skipped="0">
  <testcase classname="oto.DashboardTestStock" name="verifyStockClick" time="10.311"/>
  <system-out/>
</testsuite> <!-- oto.DashboardTestStock -->
