<?xml version="1.0" encoding="UTF-8"?>
<!-- Generated by org.testng.reporters.JUnitReportReporter -->
<testsuite hostname="DESKTOP-LSBCFFJ" failures="0" tests="5" name="oto.BFITest" time="218.720" errors="0" timestamp="2021-08-16T17:02:51 IST" skipped="0">
  <testcase classname="oto.BFITest" name="verifyFirstStockClick" time="4.993"/>
  <system-out/>
  <testcase classname="oto.BFITest" name="verifyBFIClick" time="8.439"/>
  <system-out/>
  <testcase classname="oto.BFITest" name="addBFIFormBasicDetails" time="106.612"/>
  <system-out/>
  <testcase classname="oto.BFITest" name="addDSFPaymentDetails" time="23.597"/>
  <system-out/>
  <testcase classname="oto.BFITest" name="addDSFCustDetails" time="75.079"/>
  <system-out/>
</testsuite> <!-- oto.BFITest -->
