<?xml version="1.0" encoding="UTF-8"?>
<!-- Generated by org.testng.reporters.JUnitReportReporter -->
<testsuite hostname="DESKTOP-LSBCFFJ" failures="0" tests="4" name="oto.MAFTest" time="165.893" errors="0" timestamp="2021-09-24T13:15:25 IST" skipped="0">
  <testcase classname="oto.MAFTest" name="verifyFirstStockClick" time="0.304"/>
  <system-out/>
  <testcase classname="oto.MAFTest" name="verifyCNAFClick" time="10.562"/>
  <system-out/>
  <testcase classname="oto.MAFTest" name="addMAFFormBasicDetails" time="80.011"/>
  <system-out/>
  <testcase classname="oto.MAFTest" name="addMAFCustDetails" time="75.016"/>
  <system-out/>
</testsuite> <!-- oto.MAFTest -->
