<?xml version="1.0" encoding="UTF-8"?>
<!-- Generated by org.testng.reporters.JUnitReportReporter -->
<testsuite hostname="DESKTOP-LSBCFFJ" failures="0" tests="5" name="oto.MPMFTest" time="225.867" errors="0" timestamp="2021-08-16T18:08:49 IST" skipped="0">
  <testcase classname="oto.MPMFTest" name="verifyFirstStockClick" time="8.720"/>
  <system-out/>
  <testcase classname="oto.MPMFTest" name="verifyMPMFClick" time="8.329"/>
  <system-out/>
  <testcase classname="oto.MPMFTest" name="addMPMFFormBasicDetails" time="112.218"/>
  <system-out/>
  <testcase classname="oto.MPMFTest" name="addDSFPaymentDetails" time="23.075"/>
  <system-out/>
  <testcase classname="oto.MPMFTest" name="addDSFCustDetails" time="73.525"/>
  <system-out/>
</testsuite> <!-- oto.MPMFTest -->
